{"/Users/vladislavdenisov/hexlet-js/frontend-project-lvl2/src/index.js": {"path":"/Users/vladislavdenisov/hexlet-js/frontend-project-lvl2/src/index.js","statementMap":{"0":{"start":{"line":6,"column":14},"end":{"line":6,"column":40}},"1":{"start":{"line":6,"column":24},"end":{"line":6,"column":40}},"2":{"start":{"line":8,"column":16},"end":{"line":38,"column":1}},"3":{"start":{"line":9,"column":18},"end":{"line":9,"column":58}},"4":{"start":{"line":10,"column":18},"end":{"line":10,"column":58}},"5":{"start":{"line":12,"column":24},"end":{"line":12,"column":38}},"6":{"start":{"line":13,"column":24},"end":{"line":13,"column":38}},"7":{"start":{"line":15,"column":19},"end":{"line":15,"column":90}},"8":{"start":{"line":16,"column":21},"end":{"line":16,"column":48}},"9":{"start":{"line":18,"column":17},"end":{"line":34,"column":8}},"10":{"start":{"line":19,"column":4},"end":{"line":22,"column":5}},"11":{"start":{"line":20,"column":6},"end":{"line":20,"column":43}},"12":{"start":{"line":21,"column":6},"end":{"line":21,"column":17}},"13":{"start":{"line":23,"column":4},"end":{"line":26,"column":5}},"14":{"start":{"line":24,"column":6},"end":{"line":24,"column":43}},"15":{"start":{"line":25,"column":6},"end":{"line":25,"column":17}},"16":{"start":{"line":27,"column":4},"end":{"line":30,"column":5}},"17":{"start":{"line":28,"column":6},"end":{"line":28,"column":43}},"18":{"start":{"line":29,"column":6},"end":{"line":29,"column":17}},"19":{"start":{"line":31,"column":4},"end":{"line":31,"column":41}},"20":{"start":{"line":32,"column":4},"end":{"line":32,"column":41}},"21":{"start":{"line":33,"column":4},"end":{"line":33,"column":15}},"22":{"start":{"line":36,"column":2},"end":{"line":36,"column":33}},"23":{"start":{"line":37,"column":2},"end":{"line":37,"column":27}}},"fnMap":{"0":{"name":"(anonymous_0)","decl":{"start":{"line":6,"column":14},"end":{"line":6,"column":15}},"loc":{"start":{"line":6,"column":24},"end":{"line":6,"column":40}},"line":6},"1":{"name":"(anonymous_1)","decl":{"start":{"line":8,"column":16},"end":{"line":8,"column":17}},"loc":{"start":{"line":8,"column":42},"end":{"line":38,"column":1}},"line":8},"2":{"name":"(anonymous_2)","decl":{"start":{"line":18,"column":35},"end":{"line":18,"column":36}},"loc":{"start":{"line":18,"column":49},"end":{"line":34,"column":3}},"line":18}},"branchMap":{"0":{"loc":{"start":{"line":19,"column":4},"end":{"line":22,"column":5}},"type":"if","locations":[{"start":{"line":19,"column":4},"end":{"line":22,"column":5}},{"start":{"line":19,"column":4},"end":{"line":22,"column":5}}],"line":19},"1":{"loc":{"start":{"line":23,"column":4},"end":{"line":26,"column":5}},"type":"if","locations":[{"start":{"line":23,"column":4},"end":{"line":26,"column":5}},{"start":{"line":23,"column":4},"end":{"line":26,"column":5}}],"line":23},"2":{"loc":{"start":{"line":27,"column":4},"end":{"line":30,"column":5}},"type":"if","locations":[{"start":{"line":27,"column":4},"end":{"line":30,"column":5}},{"start":{"line":27,"column":4},"end":{"line":30,"column":5}}],"line":27}},"s":{"0":1,"1":2,"2":1,"3":1,"4":1,"5":1,"6":1,"7":1,"8":1,"9":1,"10":5,"11":2,"12":2,"13":3,"14":1,"15":1,"16":2,"17":1,"18":1,"19":1,"20":1,"21":1,"22":1,"23":1},"f":{"0":2,"1":1,"2":5},"b":{"0":[2,3],"1":[1,2],"2":[1,1]},"inputSourceMap":null,"_coverageSchema":"1a1c01bbd47fc00a2c39e90264f33305004495a9","hash":"704c9989f7cb8efefac62d13abdd255babd42561"}
,"/Users/vladislavdenisov/hexlet-js/frontend-project-lvl2/utils/stringify.js": {"path":"/Users/vladislavdenisov/hexlet-js/frontend-project-lvl2/utils/stringify.js","statementMap":{"0":{"start":{"line":1,"column":18},"end":{"line":22,"column":1}},"1":{"start":{"line":2,"column":15},"end":{"line":19,"column":3}},"2":{"start":{"line":3,"column":4},"end":{"line":5,"column":5}},"3":{"start":{"line":4,"column":6},"end":{"line":4,"column":37}},"4":{"start":{"line":7,"column":23},"end":{"line":7,"column":42}},"5":{"start":{"line":8,"column":26},"end":{"line":8,"column":53}},"6":{"start":{"line":9,"column":26},"end":{"line":9,"column":67}},"7":{"start":{"line":10,"column":18},"end":{"line":12,"column":81}},"8":{"start":{"line":12,"column":29},"end":{"line":12,"column":80}},"9":{"start":{"line":14,"column":4},"end":{"line":18,"column":17}},"10":{"start":{"line":21,"column":2},"end":{"line":21,"column":23}}},"fnMap":{"0":{"name":"(anonymous_0)","decl":{"start":{"line":1,"column":18},"end":{"line":1,"column":19}},"loc":{"start":{"line":1,"column":61},"end":{"line":22,"column":1}},"line":1},"1":{"name":"(anonymous_1)","decl":{"start":{"line":2,"column":15},"end":{"line":2,"column":16}},"loc":{"start":{"line":2,"column":40},"end":{"line":19,"column":3}},"line":2},"2":{"name":"(anonymous_2)","decl":{"start":{"line":12,"column":11},"end":{"line":12,"column":12}},"loc":{"start":{"line":12,"column":29},"end":{"line":12,"column":80}},"line":12}},"branchMap":{"0":{"loc":{"start":{"line":1,"column":25},"end":{"line":1,"column":39}},"type":"default-arg","locations":[{"start":{"line":1,"column":36},"end":{"line":1,"column":39}}],"line":1},"1":{"loc":{"start":{"line":1,"column":41},"end":{"line":1,"column":56}},"type":"default-arg","locations":[{"start":{"line":1,"column":55},"end":{"line":1,"column":56}}],"line":1},"2":{"loc":{"start":{"line":3,"column":4},"end":{"line":5,"column":5}},"type":"if","locations":[{"start":{"line":3,"column":4},"end":{"line":5,"column":5}},{"start":{"line":3,"column":4},"end":{"line":5,"column":5}}],"line":3}},"s":{"0":1,"1":2,"2":14,"3":12,"4":2,"5":2,"6":2,"7":2,"8":12,"9":2,"10":2},"f":{"0":2,"1":14,"2":12},"b":{"0":[2],"1":[2],"2":[12,2]},"inputSourceMap":null,"_coverageSchema":"1a1c01bbd47fc00a2c39e90264f33305004495a9","hash":"5f11638fcdc06e69fae3c0a37ef145d5cb1b325f"}
}
