TN:
SF:src/index.js
FN:6,(anonymous_0)
FN:8,(anonymous_1)
FN:18,(anonymous_2)
FNF:3
FNH:3
FNDA:2,(anonymous_0)
FNDA:1,(anonymous_1)
FNDA:5,(anonymous_2)
DA:6,2
DA:8,1
DA:9,1
DA:10,1
DA:12,1
DA:13,1
DA:15,1
DA:16,1
DA:18,1
DA:19,5
DA:20,2
DA:21,2
DA:23,3
DA:24,1
DA:25,1
DA:27,2
DA:28,1
DA:29,1
DA:31,1
DA:32,1
DA:33,1
DA:36,1
DA:37,1
LF:23
LH:23
BRDA:19,0,0,2
BRDA:19,0,1,3
BRDA:23,1,0,1
BRDA:23,1,1,2
BRDA:27,2,0,1
BRDA:27,2,1,1
BRF:6
BRH:6
end_of_record
TN:
SF:utils/stringify.js
FN:1,(anonymous_0)
FN:2,(anonymous_1)
FN:12,(anonymous_2)
FNF:3
FNH:3
FNDA:2,(anonymous_0)
FNDA:14,(anonymous_1)
FNDA:12,(anonymous_2)
DA:1,1
DA:2,2
DA:3,14
DA:4,12
DA:7,2
DA:8,2
DA:9,2
DA:10,2
DA:12,12
DA:14,2
DA:21,2
LF:11
LH:11
BRDA:1,0,0,2
BRDA:1,1,0,2
BRDA:3,2,0,12
BRDA:3,2,1,2
BRF:4
BRH:4
end_of_record
